Using pre-set license
Built from '2020.2/staging' branch; Version is '2020.2.3f1 (8ff31bc5bf5b) revision 9433883'; Using compiler version '192528614'; Build Type 'Release'
OS: 'Windows 10 Pro; OS build 19042.746; Version 2009; 64bit' Language: 'ru' Physical Memory: 8091 MB
BatchMode: 1, IsHumanControllingUs: 0, StartBugReporterOnCrash: 0, Is64bit: 1, IsPro: 0

 COMMAND LINE ARGUMENTS:
C:\Program Files\Unity\Hub\Editor\2020.2.3f1\Editor\Unity.exe
-adb2
-batchMode
-noUpm
-name
AssetImportWorker1
-projectPath
C:/Users/Коля Химич/Desktop/GitHub/MagicSurvival/MagicSurvival
-logFile
Logs/AssetImportWorker1.log
-srvPort
52839
Successfully changed project path to: C:/Users/Коля Химич/Desktop/GitHub/MagicSurvival/MagicSurvival
C:/Users/Коля Химич/Desktop/GitHub/MagicSurvival/MagicSurvival
Using Asset Import Pipeline V2.
Refreshing native plugins compatible for Editor in 100.17 ms, found 1 plugins.
Preloading 0 native plugins for Editor in 0.00 ms.
Initialize engine version: 2020.2.3f1 (8ff31bc5bf5b)
[Subsystems] Discovering subsystems at path C:/Program Files/Unity/Hub/Editor/2020.2.3f1/Editor/Data/Resources/UnitySubsystems
[Subsystems] Discovering subsystems at path C:/Users/Коля Химич/Desktop/GitHub/MagicSurvival/MagicSurvival/Assets
GfxDevice: creating device client; threaded=0
Direct3D:
    Version:  Direct3D 11.0 [level 11.1]
    Renderer: AMD Radeon (TM) R7 370 Series Graphics (ID=0x6811)
    Vendor:   
    VRAM:     4075 MB
    Driver:   27.20.14501.18003
Initialize mono
Mono path[0] = 'C:/Program Files/Unity/Hub/Editor/2020.2.3f1/Editor/Data/Managed'
Mono path[1] = 'C:/Program Files/Unity/Hub/Editor/2020.2.3f1/Editor/Data/MonoBleedingEdge/lib/mono/unityjit'
Mono config path = 'C:/Program Files/Unity/Hub/Editor/2020.2.3f1/Editor/Data/MonoBleedingEdge/etc'
Using monoOptions --debugger-agent=transport=dt_socket,embedding=1,server=y,suspend=n,address=127.0.0.1:56508
Begin MonoManager ReloadAssembly
Registering precompiled unity dll's ...
Register platform support module: C:/Program Files/Unity/Hub/Editor/2020.2.3f1/Editor/Data/PlaybackEngines/WindowsStandaloneSupport/UnityEditor.WindowsStandalone.Extensions.dll
Registered in 0.003019 seconds.
Native extension for WindowsStandalone target not found
Refreshing native plugins compatible for Editor in 64.39 ms, found 1 plugins.
Preloading 0 native plugins for Editor in 0.00 ms.
Invoked RoslynAnalysisRunner static constructor.
RoslynAnalysisRunner will not be running.
RoslynAnalysisRunner has terminated.
Mono: successfully reloaded assembly
- Completed reload, in  1.864 seconds
Platform modules already initialized, skipping
Registering precompiled user dll's ...
Registered in 0.001520 seconds.
Begin MonoManager ReloadAssembly
Native extension for WindowsStandalone target not found
Refreshing native plugins compatible for Editor in 89.61 ms, found 1 plugins.
Preloading 0 native plugins for Editor in 0.00 ms.
Invoked RoslynAnalysisRunner static constructor.
RoslynAnalysisRunner will not be running.
RoslynAnalysisRunner has terminated.
Mono: successfully reloaded assembly
- Completed reload, in  2.052 seconds
Platform modules already initialized, skipping
========================================================================
Worker process is ready to serve import requests
Launched and connected shader compiler UnityShaderCompiler.exe after 0.08 seconds
Refreshing native plugins compatible for Editor in 0.93 ms, found 1 plugins.
Preloading 0 native plugins for Editor in 0.00 ms.
Unloading 1794 Unused Serialized files (Serialized files now loaded: 0)
System memory in use before: 84.6 MB.
System memory in use after: 84.6 MB.

Unloading 24 unused Assets to reduce memory usage. Loaded Objects now: 2236.
Total: 3.321900 ms (FindLiveObjects: 0.380800 ms CreateObjectMapping: 0.160300 ms MarkObjects: 2.631100 ms  DeleteObjects: 0.148100 ms)

========================================================================
Received Import Request.
  path: Assets/Scripts/Menu/Button.cs
  artifactKey: Guid(ae6619741ea6eb84585b0d0e59feecdb) Importer(815301076,1909f56bfc062723c751e8b465ee728b)
Start importing Assets/Scripts/Menu/Button.cs using Guid(ae6619741ea6eb84585b0d0e59feecdb) Importer(815301076,1909f56bfc062723c751e8b465ee728b)  -> (artifact id: '5e07a5126f51fc345bbda974eb145353') in 0.099364 seconds
  Import took 0.104099 seconds .

========================================================================
Received Prepare
Registering precompiled user dll's ...
Registered in 0.030350 seconds.
Begin MonoManager ReloadAssembly
Native extension for WindowsStandalone target not found
Refreshing native plugins compatible for Editor in 1.19 ms, found 1 plugins.
Preloading 0 native plugins for Editor in 0.00 ms.
Invoked RoslynAnalysisRunner static constructor.
RoslynAnalysisRunner will not be running.
RoslynAnalysisRunner has terminated.
Mono: successfully reloaded assembly
- Completed reload, in  1.952 seconds
Platform modules already initialized, skipping
Refreshing native plugins compatible for Editor in 1.34 ms, found 1 plugins.
Preloading 0 native plugins for Editor in 0.00 ms.
Unloading 1789 Unused Serialized files (Serialized files now loaded: 0)
System memory in use before: 84.6 MB.
System memory in use after: 84.6 MB.

Unloading 12 unused Assets to reduce memory usage. Loaded Objects now: 2239.
Total: 3.706800 ms (FindLiveObjects: 0.494000 ms CreateObjectMapping: 0.171400 ms MarkObjects: 2.827800 ms  DeleteObjects: 0.211700 ms)

========================================================================
Received Prepare
Registering precompiled user dll's ...
Registered in 0.001518 seconds.
Begin MonoManager ReloadAssembly
Native extension for WindowsStandalone target not found
Refreshing native plugins compatible for Editor in 0.62 ms, found 1 plugins.
Preloading 0 native plugins for Editor in 0.00 ms.
Invoked RoslynAnalysisRunner static constructor.
RoslynAnalysisRunner will not be running.
RoslynAnalysisRunner has terminated.
Mono: successfully reloaded assembly
- Completed reload, in  2.269 seconds
Platform modules already initialized, skipping
Refreshing native plugins compatible for Editor in 0.51 ms, found 1 plugins.
Preloading 0 native plugins for Editor in 0.00 ms.
Unloading 1789 Unused Serialized files (Serialized files now loaded: 0)
System memory in use before: 84.6 MB.
System memory in use after: 84.6 MB.

Unloading 12 unused Assets to reduce memory usage. Loaded Objects now: 2242.
Total: 2.156900 ms (FindLiveObjects: 0.198600 ms CreateObjectMapping: 0.069300 ms MarkObjects: 1.770800 ms  DeleteObjects: 0.116900 ms)

========================================================================
Received Import Request.
  Time since last request: 7524.603045 seconds.
  path: Assets/Scripts/Menu/ButtonScale.cs
  artifactKey: Guid(ae6619741ea6eb84585b0d0e59feecdb) Importer(815301076,1909f56bfc062723c751e8b465ee728b)
Start importing Assets/Scripts/Menu/ButtonScale.cs using Guid(ae6619741ea6eb84585b0d0e59feecdb) Importer(815301076,1909f56bfc062723c751e8b465ee728b)  -> (artifact id: 'd93f6755c19e0d3708c98517a9f64f0c') in 0.013343 seconds
  Import took 0.018020 seconds .

========================================================================
Received Import Request.
  Time since last request: 12.283706 seconds.
  path: Assets/Scripts/Menu
  artifactKey: Guid(0dbe05134f8ecb4438fa8cc0f8b2852b) Importer(815301076,1909f56bfc062723c751e8b465ee728b)
Start importing Assets/Scripts/Menu using Guid(0dbe05134f8ecb4438fa8cc0f8b2852b) Importer(815301076,1909f56bfc062723c751e8b465ee728b)  -> (artifact id: 'd24cff013f8ea1def17c519864531059') in 0.040974 seconds
  Import took 0.048512 seconds .

========================================================================
Received Import Request.
  Time since last request: 2.830824 seconds.
  path: Assets/Scripts/Menu/New Folder
  artifactKey: Guid(39da5d967070176479d1a66bc6876b31) Importer(815301076,1909f56bfc062723c751e8b465ee728b)
Start importing Assets/Scripts/Menu/New Folder using Guid(39da5d967070176479d1a66bc6876b31) Importer(815301076,1909f56bfc062723c751e8b465ee728b)  -> (artifact id: '70b0b995f133d338e142b05005903dc2') in 0.011061 seconds
  Import took 0.017143 seconds .

========================================================================
Received Import Request.
  Time since last request: 16.217141 seconds.
  path: Assets/Scripts/Menu/ButtonStart.cs
  artifactKey: Guid(b759cbf0486e80a4da96c5c696668eff) Importer(815301076,1909f56bfc062723c751e8b465ee728b)
Start importing Assets/Scripts/Menu/ButtonStart.cs using Guid(b759cbf0486e80a4da96c5c696668eff) Importer(815301076,1909f56bfc062723c751e8b465ee728b)  -> (artifact id: '81fb22fa53e7f35e35c95bcc7ed0b507') in 0.037106 seconds
  Import took 0.049068 seconds .

========================================================================
Received Prepare
Registering precompiled user dll's ...
Registered in 0.002045 seconds.
Begin MonoManager ReloadAssembly
Native extension for WindowsStandalone target not found
Refreshing native plugins compatible for Editor in 0.54 ms, found 1 plugins.
Preloading 0 native plugins for Editor in 0.00 ms.
Invoked RoslynAnalysisRunner static constructor.
RoslynAnalysisRunner will not be running.
RoslynAnalysisRunner has terminated.
Mono: successfully reloaded assembly
- Completed reload, in  2.707 seconds
Platform modules already initialized, skipping
Refreshing native plugins compatible for Editor in 0.58 ms, found 1 plugins.
Preloading 0 native plugins for Editor in 0.00 ms.
Unloading 1790 Unused Serialized files (Serialized files now loaded: 0)
System memory in use before: 84.7 MB.
System memory in use after: 84.6 MB.

Unloading 12 unused Assets to reduce memory usage. Loaded Objects now: 2246.
Total: 3.166100 ms (FindLiveObjects: 0.372100 ms CreateObjectMapping: 0.205700 ms MarkObjects: 2.456900 ms  DeleteObjects: 0.128900 ms)

========================================================================
Received Prepare
Registering precompiled user dll's ...
Registered in 0.004642 seconds.
Begin MonoManager ReloadAssembly
Native extension for WindowsStandalone target not found
Refreshing native plugins compatible for Editor in 0.93 ms, found 1 plugins.
Preloading 0 native plugins for Editor in 0.00 ms.
Invoked RoslynAnalysisRunner static constructor.
RoslynAnalysisRunner will not be running.
RoslynAnalysisRunner has terminated.
Mono: successfully reloaded assembly
- Completed reload, in  1.417 seconds
Platform modules already initialized, skipping
Refreshing native plugins compatible for Editor in 0.55 ms, found 1 plugins.
Preloading 0 native plugins for Editor in 0.00 ms.
Unloading 1790 Unused Serialized files (Serialized files now loaded: 0)
System memory in use before: 84.7 MB.
System memory in use after: 84.7 MB.

Unloading 12 unused Assets to reduce memory usage. Loaded Objects now: 2249.
Total: 2.793000 ms (FindLiveObjects: 0.396300 ms CreateObjectMapping: 0.153200 ms MarkObjects: 2.114600 ms  DeleteObjects: 0.127100 ms)

========================================================================
Received Prepare
Registering precompiled user dll's ...
Registered in 0.002097 seconds.
Begin MonoManager ReloadAssembly
Native extension for WindowsStandalone target not found
Refreshing native plugins compatible for Editor in 0.93 ms, found 1 plugins.
Preloading 0 native plugins for Editor in 0.00 ms.
Invoked RoslynAnalysisRunner static constructor.
RoslynAnalysisRunner will not be running.
RoslynAnalysisRunner has terminated.
Mono: successfully reloaded assembly
- Completed reload, in  1.854 seconds
Platform modules already initialized, skipping
Refreshing native plugins compatible for Editor in 0.84 ms, found 1 plugins.
Preloading 0 native plugins for Editor in 0.00 ms.
Unloading 1794 Unused Serialized files (Serialized files now loaded: 0)
System memory in use before: 84.8 MB.
System memory in use after: 84.8 MB.

Unloading 12 unused Assets to reduce memory usage. Loaded Objects now: 2256.
Total: 4.082000 ms (FindLiveObjects: 0.586800 ms CreateObjectMapping: 0.234300 ms MarkObjects: 3.054600 ms  DeleteObjects: 0.202900 ms)

========================================================================
Received Import Request.
  Time since last request: 484.557875 seconds.
  path: Assets/Scripts/Menu/GlobalInfo.cs
  artifactKey: Guid(6757a295c141fc447920f0bf63aa88e2) Importer(815301076,1909f56bfc062723c751e8b465ee728b)
Start importing Assets/Scripts/Menu/GlobalInfo.cs using Guid(6757a295c141fc447920f0bf63aa88e2) Importer(815301076,1909f56bfc062723c751e8b465ee728b)  -> (artifact id: '4a21edcbee6c6a01b3e2d0ca4e519e71') in 0.049164 seconds
  Import took 0.058765 seconds .

========================================================================
Received Prepare
Registering precompiled user dll's ...
Registered in 0.001707 seconds.
Begin MonoManager ReloadAssembly
Native extension for WindowsStandalone target not found
Refreshing native plugins compatible for Editor in 0.93 ms, found 1 plugins.
Preloading 0 native plugins for Editor in 0.00 ms.
Invoked RoslynAnalysisRunner static constructor.
RoslynAnalysisRunner will not be running.
RoslynAnalysisRunner has terminated.
Mono: successfully reloaded assembly
- Completed reload, in  2.081 seconds
Platform modules already initialized, skipping
Refreshing native plugins compatible for Editor in 0.52 ms, found 1 plugins.
Preloading 0 native plugins for Editor in 0.00 ms.
Unloading 1795 Unused Serialized files (Serialized files now loaded: 0)
System memory in use before: 84.8 MB.
System memory in use after: 84.8 MB.

Unloading 12 unused Assets to reduce memory usage. Loaded Objects now: 2260.
Total: 2.371300 ms (FindLiveObjects: 0.188200 ms CreateObjectMapping: 0.070500 ms MarkObjects: 1.991200 ms  DeleteObjects: 0.120500 ms)

========================================================================
Received Prepare
Registering precompiled user dll's ...
Registered in 0.002031 seconds.
Begin MonoManager ReloadAssembly
Native extension for WindowsStandalone target not found
Refreshing native plugins compatible for Editor in 1.94 ms, found 1 plugins.
Preloading 0 native plugins for Editor in 0.00 ms.
Invoked RoslynAnalysisRunner static constructor.
RoslynAnalysisRunner will not be running.
RoslynAnalysisRunner has terminated.
Mono: successfully reloaded assembly
- Completed reload, in  1.390 seconds
Platform modules already initialized, skipping
Refreshing native plugins compatible for Editor in 0.56 ms, found 1 plugins.
Preloading 0 native plugins for Editor in 0.00 ms.
Unloading 1795 Unused Serialized files (Serialized files now loaded: 0)
System memory in use before: 84.8 MB.
System memory in use after: 84.8 MB.

Unloading 12 unused Assets to reduce memory usage. Loaded Objects now: 2263.
Total: 2.737600 ms (FindLiveObjects: 0.207900 ms CreateObjectMapping: 0.069700 ms MarkObjects: 2.316400 ms  DeleteObjects: 0.140900 ms)

========================================================================
Received Import Request.
  Time since last request: 149.646494 seconds.
  path: Assets/Scripts/Menu/GlobalInfo.cs
  artifactKey: Guid(6757a295c141fc447920f0bf63aa88e2) Importer(815301076,1909f56bfc062723c751e8b465ee728b)
Start importing Assets/Scripts/Menu/GlobalInfo.cs using Guid(6757a295c141fc447920f0bf63aa88e2) Importer(815301076,1909f56bfc062723c751e8b465ee728b)  -> (artifact id: '348a68396533573324272b9533ad5fad') in 0.011960 seconds
  Import took 0.015772 seconds .

========================================================================
Received Import Request.
  Time since last request: 79.592170 seconds.
  path: Assets/Scripts/Menu/COinsCount.cs
  artifactKey: Guid(02eadb08938604e4ca35198839fb07f5) Importer(815301076,1909f56bfc062723c751e8b465ee728b)
Start importing Assets/Scripts/Menu/COinsCount.cs using Guid(02eadb08938604e4ca35198839fb07f5) Importer(815301076,1909f56bfc062723c751e8b465ee728b)  -> (artifact id: '0efaf14d8d5342893e35e4137e28110f') in 0.053376 seconds
  Import took 0.070702 seconds .

========================================================================
Received Prepare
Registering precompiled user dll's ...
Registered in 0.001746 seconds.
Begin MonoManager ReloadAssembly
Native extension for WindowsStandalone target not found
Refreshing native plugins compatible for Editor in 0.74 ms, found 1 plugins.
Preloading 0 native plugins for Editor in 0.00 ms.
Invoked RoslynAnalysisRunner static constructor.
RoslynAnalysisRunner will not be running.
RoslynAnalysisRunner has terminated.
Mono: successfully reloaded assembly
- Completed reload, in  1.336 seconds
Platform modules already initialized, skipping
Refreshing native plugins compatible for Editor in 0.61 ms, found 1 plugins.
Preloading 0 native plugins for Editor in 0.00 ms.
Unloading 1796 Unused Serialized files (Serialized files now loaded: 0)
System memory in use before: 84.9 MB.
System memory in use after: 84.9 MB.

Unloading 12 unused Assets to reduce memory usage. Loaded Objects now: 2267.
Total: 2.505900 ms (FindLiveObjects: 0.312500 ms CreateObjectMapping: 0.153100 ms MarkObjects: 1.871100 ms  DeleteObjects: 0.167200 ms)

========================================================================
Received Import Request.
  Time since last request: 13.684525 seconds.
  path: Assets/Scripts/Menu/CoinsCount.cs
  artifactKey: Guid(02eadb08938604e4ca35198839fb07f5) Importer(815301076,1909f56bfc062723c751e8b465ee728b)
Start importing Assets/Scripts/Menu/CoinsCount.cs using Guid(02eadb08938604e4ca35198839fb07f5) Importer(815301076,1909f56bfc062723c751e8b465ee728b)  -> (artifact id: 'f9f84855713026c068a23f7f5c2a5523') in 0.048364 seconds
  Import took 0.060639 seconds .

========================================================================
Received Prepare
Registering precompiled user dll's ...
Registered in 0.005883 seconds.
Begin MonoManager ReloadAssembly
Native extension for WindowsStandalone target not found
Refreshing native plugins compatible for Editor in 0.58 ms, found 1 plugins.
Preloading 0 native plugins for Editor in 0.00 ms.
Invoked RoslynAnalysisRunner static constructor.
RoslynAnalysisRunner will not be running.
RoslynAnalysisRunner has terminated.
Mono: successfully reloaded assembly
- Completed reload, in  1.464 seconds
Platform modules already initialized, skipping
Refreshing native plugins compatible for Editor in 0.61 ms, found 1 plugins.
Preloading 0 native plugins for Editor in 0.00 ms.
Unloading 1796 Unused Serialized files (Serialized files now loaded: 0)
System memory in use before: 84.9 MB.
System memory in use after: 84.9 MB.

Unloading 12 unused Assets to reduce memory usage. Loaded Objects now: 2270.
Total: 2.507600 ms (FindLiveObjects: 0.266300 ms CreateObjectMapping: 0.151500 ms MarkObjects: 1.972900 ms  DeleteObjects: 0.115100 ms)

========================================================================
Received Prepare
Registering precompiled user dll's ...
Registered in 0.001449 seconds.
Begin MonoManager ReloadAssembly
Native extension for WindowsStandalone target not found
Refreshing native plugins compatible for Editor in 0.53 ms, found 1 plugins.
Preloading 0 native plugins for Editor in 0.00 ms.
Invoked RoslynAnalysisRunner static constructor.
RoslynAnalysisRunner will not be running.
RoslynAnalysisRunner has terminated.
Mono: successfully reloaded assembly
- Completed reload, in  1.681 seconds
Platform modules already initialized, skipping
Refreshing native plugins compatible for Editor in 0.73 ms, found 1 plugins.
Preloading 0 native plugins for Editor in 0.00 ms.
Unloading 1795 Unused Serialized files (Serialized files now loaded: 0)
System memory in use before: 84.9 MB.
System memory in use after: 84.8 MB.

Unloading 13 unused Assets to reduce memory usage. Loaded Objects now: 2272.
Total: 2.234600 ms (FindLiveObjects: 0.333700 ms CreateObjectMapping: 0.128200 ms MarkObjects: 1.647600 ms  DeleteObjects: 0.123400 ms)

========================================================================
Received Import Request.
  Time since last request: 70.989878 seconds.
  path: Assets/Scripts/Menu/CoinsCount.cs
  artifactKey: Guid(02eadb08938604e4ca35198839fb07f5) Importer(815301076,1909f56bfc062723c751e8b465ee728b)
Start importing Assets/Scripts/Menu/CoinsCount.cs using Guid(02eadb08938604e4ca35198839fb07f5) Importer(815301076,1909f56bfc062723c751e8b465ee728b)  -> (artifact id: '8e8be0dcbf0e6a2d415ece25cc5bfacf') in 0.062948 seconds
  Import took 0.091739 seconds .

========================================================================
Received Prepare
Registering precompiled user dll's ...
Registered in 0.001961 seconds.
Begin MonoManager ReloadAssembly
Native extension for WindowsStandalone target not found
Refreshing native plugins compatible for Editor in 1.05 ms, found 1 plugins.
Preloading 0 native plugins for Editor in 0.00 ms.
Invoked RoslynAnalysisRunner static constructor.
RoslynAnalysisRunner will not be running.
RoslynAnalysisRunner has terminated.
Mono: successfully reloaded assembly
- Completed reload, in  2.003 seconds
Platform modules already initialized, skipping
Refreshing native plugins compatible for Editor in 0.52 ms, found 1 plugins.
Preloading 0 native plugins for Editor in 0.00 ms.
Unloading 1796 Unused Serialized files (Serialized files now loaded: 0)
System memory in use before: 84.9 MB.
System memory in use after: 84.9 MB.

Unloading 12 unused Assets to reduce memory usage. Loaded Objects now: 2276.
Total: 2.436400 ms (FindLiveObjects: 0.272300 ms CreateObjectMapping: 0.071600 ms MarkObjects: 1.972900 ms  DeleteObjects: 0.117900 ms)

========================================================================
Received Prepare
Registering precompiled user dll's ...
Registered in 0.001747 seconds.
Begin MonoManager ReloadAssembly
Native extension for WindowsStandalone target not found
Refreshing native plugins compatible for Editor in 0.58 ms, found 1 plugins.
Preloading 0 native plugins for Editor in 0.00 ms.
Invoked RoslynAnalysisRunner static constructor.
RoslynAnalysisRunner will not be running.
RoslynAnalysisRunner has terminated.
Mono: successfully reloaded assembly
- Completed reload, in  1.355 seconds
Platform modules already initialized, skipping
Refreshing native plugins compatible for Editor in 0.55 ms, found 1 plugins.
Preloading 0 native plugins for Editor in 0.00 ms.
Unloading 1796 Unused Serialized files (Serialized files now loaded: 0)
System memory in use before: 84.9 MB.
System memory in use after: 84.9 MB.

Unloading 12 unused Assets to reduce memory usage. Loaded Objects now: 2279.
Total: 2.747500 ms (FindLiveObjects: 0.240500 ms CreateObjectMapping: 0.145700 ms MarkObjects: 2.235100 ms  DeleteObjects: 0.124900 ms)

========================================================================
Received Prepare
Registering precompiled user dll's ...
Registered in 0.002350 seconds.
Begin MonoManager ReloadAssembly
Native extension for WindowsStandalone target not found
Refreshing native plugins compatible for Editor in 0.58 ms, found 1 plugins.
Preloading 0 native plugins for Editor in 0.00 ms.
Invoked RoslynAnalysisRunner static constructor.
RoslynAnalysisRunner will not be running.
RoslynAnalysisRunner has terminated.
Mono: successfully reloaded assembly
- Completed reload, in  1.444 seconds
Platform modules already initialized, skipping
Refreshing native plugins compatible for Editor in 0.55 ms, found 1 plugins.
Preloading 0 native plugins for Editor in 0.00 ms.
Unloading 1796 Unused Serialized files (Serialized files now loaded: 0)
System memory in use before: 84.9 MB.
System memory in use after: 84.9 MB.

Unloading 12 unused Assets to reduce memory usage. Loaded Objects now: 2282.
Total: 2.529000 ms (FindLiveObjects: 0.257700 ms CreateObjectMapping: 0.070500 ms MarkObjects: 2.061400 ms  DeleteObjects: 0.137500 ms)

AssetImportWorkerClient::OnTransportError - code=2 error=End of file
