Using pre-set license
Built from '2020.2/staging' branch; Version is '2020.2.3f1 (8ff31bc5bf5b) revision 9433883'; Using compiler version '192528614'; Build Type 'Release'
OS: 'Windows 10 Pro; OS build 19042.867; Version 2009; 64bit' Language: 'ru' Physical Memory: 8091 MB
BatchMode: 1, IsHumanControllingUs: 0, StartBugReporterOnCrash: 0, Is64bit: 1, IsPro: 0

 COMMAND LINE ARGUMENTS:
C:\Program Files\Unity\Hub\Editor\2020.2.3f1\Editor\Unity.exe
-adb2
-batchMode
-noUpm
-name
AssetImportWorker0
-projectPath
C:/Users/Коля Химич/Desktop/GitHub/MagicSurvival/MagicSurvival
-logFile
Logs/AssetImportWorker0.log
-srvPort
64509
Successfully changed project path to: C:/Users/Коля Химич/Desktop/GitHub/MagicSurvival/MagicSurvival
C:/Users/Коля Химич/Desktop/GitHub/MagicSurvival/MagicSurvival
Using Asset Import Pipeline V2.
Refreshing native plugins compatible for Editor in 353.90 ms, found 1 plugins.
Preloading 0 native plugins for Editor in 0.00 ms.
Initialize engine version: 2020.2.3f1 (8ff31bc5bf5b)
[Subsystems] Discovering subsystems at path C:/Program Files/Unity/Hub/Editor/2020.2.3f1/Editor/Data/Resources/UnitySubsystems
[Subsystems] Discovering subsystems at path C:/Users/Коля Химич/Desktop/GitHub/MagicSurvival/MagicSurvival/Assets
GfxDevice: creating device client; threaded=0
Direct3D:
    Version:  Direct3D 11.0 [level 11.1]
    Renderer: AMD Radeon (TM) R7 370 Series Graphics (ID=0x6811)
    Vendor:   
    VRAM:     4075 MB
    Driver:   27.20.14501.18003
Initialize mono
Mono path[0] = 'C:/Program Files/Unity/Hub/Editor/2020.2.3f1/Editor/Data/Managed'
Mono path[1] = 'C:/Program Files/Unity/Hub/Editor/2020.2.3f1/Editor/Data/MonoBleedingEdge/lib/mono/unityjit'
Mono config path = 'C:/Program Files/Unity/Hub/Editor/2020.2.3f1/Editor/Data/MonoBleedingEdge/etc'
Using monoOptions --debugger-agent=transport=dt_socket,embedding=1,server=y,suspend=n,address=127.0.0.1:56692
Begin MonoManager ReloadAssembly
Registering precompiled unity dll's ...
Register platform support module: C:/Program Files/Unity/Hub/Editor/2020.2.3f1/Editor/Data/PlaybackEngines/WindowsStandaloneSupport/UnityEditor.WindowsStandalone.Extensions.dll
Registered in 0.004654 seconds.
Native extension for WindowsStandalone target not found
Refreshing native plugins compatible for Editor in 73.42 ms, found 1 plugins.
Preloading 0 native plugins for Editor in 0.00 ms.
Invoked RoslynAnalysisRunner static constructor.
RoslynAnalysisRunner will not be running.
RoslynAnalysisRunner has terminated.
Mono: successfully reloaded assembly
- Completed reload, in  4.921 seconds
Platform modules already initialized, skipping
Registering precompiled user dll's ...
Registered in 0.003766 seconds.
Begin MonoManager ReloadAssembly
Native extension for WindowsStandalone target not found
Refreshing native plugins compatible for Editor in 68.35 ms, found 1 plugins.
Preloading 0 native plugins for Editor in 0.00 ms.
Invoked RoslynAnalysisRunner static constructor.
RoslynAnalysisRunner will not be running.
RoslynAnalysisRunner has terminated.
Mono: successfully reloaded assembly
- Completed reload, in  2.423 seconds
Platform modules already initialized, skipping
========================================================================
Worker process is ready to serve import requests
Launched and connected shader compiler UnityShaderCompiler.exe after 0.17 seconds
Refreshing native plugins compatible for Editor in 0.90 ms, found 1 plugins.
Preloading 0 native plugins for Editor in 0.00 ms.
Unloading 1805 Unused Serialized files (Serialized files now loaded: 0)
System memory in use before: 84.9 MB.
System memory in use after: 84.8 MB.

Unloading 24 unused Assets to reduce memory usage. Loaded Objects now: 2247.
Total: 4.230800 ms (FindLiveObjects: 0.376400 ms CreateObjectMapping: 0.273200 ms MarkObjects: 3.372400 ms  DeleteObjects: 0.206600 ms)

========================================================================
Received Import Request.
  path: Assets/Scripts/Menu/Laboratory/ResearchBuy.cs
  artifactKey: Guid(49d40fbeb1302d242aa8471db352552e) Importer(815301076,1909f56bfc062723c751e8b465ee728b)
Start importing Assets/Scripts/Menu/Laboratory/ResearchBuy.cs using Guid(49d40fbeb1302d242aa8471db352552e) Importer(815301076,1909f56bfc062723c751e8b465ee728b)  -> (artifact id: 'd1633b020222f06fe24e1a130e278e70') in 0.123602 seconds
  Import took 0.129054 seconds .

========================================================================
Received Prepare
Registering precompiled user dll's ...
Registered in 0.007739 seconds.
Begin MonoManager ReloadAssembly
Native extension for WindowsStandalone target not found
Refreshing native plugins compatible for Editor in 1.03 ms, found 1 plugins.
Preloading 0 native plugins for Editor in 0.00 ms.
Invoked RoslynAnalysisRunner static constructor.
RoslynAnalysisRunner will not be running.
RoslynAnalysisRunner has terminated.
Mono: successfully reloaded assembly
- Completed reload, in  1.833 seconds
Platform modules already initialized, skipping
Refreshing native plugins compatible for Editor in 0.89 ms, found 1 plugins.
Preloading 0 native plugins for Editor in 0.00 ms.
Unloading 1800 Unused Serialized files (Serialized files now loaded: 0)
System memory in use before: 84.8 MB.
System memory in use after: 84.8 MB.

Unloading 12 unused Assets to reduce memory usage. Loaded Objects now: 2250.
Total: 3.293800 ms (FindLiveObjects: 0.437500 ms CreateObjectMapping: 0.249000 ms MarkObjects: 2.478400 ms  DeleteObjects: 0.126500 ms)

========================================================================
Received Prepare
Registering precompiled user dll's ...
Registered in 0.011108 seconds.
Begin MonoManager ReloadAssembly
Native extension for WindowsStandalone target not found
Refreshing native plugins compatible for Editor in 0.67 ms, found 1 plugins.
Preloading 0 native plugins for Editor in 0.00 ms.
Invoked RoslynAnalysisRunner static constructor.
RoslynAnalysisRunner will not be running.
RoslynAnalysisRunner has terminated.
Mono: successfully reloaded assembly
- Completed reload, in  1.465 seconds
Platform modules already initialized, skipping
Refreshing native plugins compatible for Editor in 0.53 ms, found 1 plugins.
Preloading 0 native plugins for Editor in 0.00 ms.
Unloading 1800 Unused Serialized files (Serialized files now loaded: 0)
System memory in use before: 84.9 MB.
System memory in use after: 84.9 MB.

Unloading 12 unused Assets to reduce memory usage. Loaded Objects now: 2253.
Total: 2.420100 ms (FindLiveObjects: 0.348900 ms CreateObjectMapping: 0.102600 ms MarkObjects: 1.848800 ms  DeleteObjects: 0.118200 ms)

========================================================================
Received Import Request.
  Time since last request: 1339.785822 seconds.
  path: Assets/Resources/Laboratory.prefab
  artifactKey: Guid(5aa783d35d2fec1408f60091a2d6ab74) Importer(815301076,1909f56bfc062723c751e8b465ee728b)
Start importing Assets/Resources/Laboratory.prefab using Guid(5aa783d35d2fec1408f60091a2d6ab74) Importer(815301076,1909f56bfc062723c751e8b465ee728b)  -> (artifact id: 'da6a7d5c8169e038bcdf379904ea4efd') in 0.214592 seconds
  Import took 0.225347 seconds .

========================================================================
Received Import Request.
  Time since last request: 13.052378 seconds.
  path: Assets/Resources/Laboratory.prefab
  artifactKey: Guid(5aa783d35d2fec1408f60091a2d6ab74) Importer(815301076,1909f56bfc062723c751e8b465ee728b)
Start importing Assets/Resources/Laboratory.prefab using Guid(5aa783d35d2fec1408f60091a2d6ab74) Importer(815301076,1909f56bfc062723c751e8b465ee728b)  -> (artifact id: '4dc4995dbb8aa193f48659ccdad58903') in 0.025861 seconds
  Import took 0.033591 seconds .

========================================================================
Received Import Request.
  Time since last request: 0.002262 seconds.
  path: Assets/Resources/Laboratory.prefab
  artifactKey: Guid(5aa783d35d2fec1408f60091a2d6ab74) Importer(815301076,1909f56bfc062723c751e8b465ee728b)
Start importing Assets/Resources/Laboratory.prefab using Guid(5aa783d35d2fec1408f60091a2d6ab74) Importer(815301076,1909f56bfc062723c751e8b465ee728b)  -> (artifact id: '4dc4995dbb8aa193f48659ccdad58903') in 0.035249 seconds
  Import took 0.041827 seconds .

========================================================================
Received Prepare
Registering precompiled user dll's ...
Registered in 0.003017 seconds.
Begin MonoManager ReloadAssembly
Native extension for WindowsStandalone target not found
Refreshing native plugins compatible for Editor in 0.65 ms, found 1 plugins.
Preloading 0 native plugins for Editor in 0.00 ms.
Invoked RoslynAnalysisRunner static constructor.
RoslynAnalysisRunner will not be running.
RoslynAnalysisRunner has terminated.
Mono: successfully reloaded assembly
- Completed reload, in  1.524 seconds
Platform modules already initialized, skipping
Refreshing native plugins compatible for Editor in 0.55 ms, found 1 plugins.
Preloading 0 native plugins for Editor in 0.00 ms.
Unloading 1800 Unused Serialized files (Serialized files now loaded: 0)
System memory in use before: 84.9 MB.
System memory in use after: 84.9 MB.

Unloading 12 unused Assets to reduce memory usage. Loaded Objects now: 2256.
Total: 7.311000 ms (FindLiveObjects: 0.340600 ms CreateObjectMapping: 0.155800 ms MarkObjects: 6.540200 ms  DeleteObjects: 0.272300 ms)

========================================================================
Received Import Request.
  Time since last request: 509.268914 seconds.
  path: Assets/Resources/SelectClass.prefab
  artifactKey: Guid(cb6f4999dbb077e409b2058ee2cf7bc1) Importer(815301076,1909f56bfc062723c751e8b465ee728b)
Start importing Assets/Resources/SelectClass.prefab using Guid(cb6f4999dbb077e409b2058ee2cf7bc1) Importer(815301076,1909f56bfc062723c751e8b465ee728b)  -> (artifact id: '181ff432f04d9ed7ec7377bbb6834fb0') in 0.078162 seconds
  Import took 0.083654 seconds .

========================================================================
Received Prepare
Registering precompiled user dll's ...
Registered in 0.002427 seconds.
Begin MonoManager ReloadAssembly
Native extension for WindowsStandalone target not found
Refreshing native plugins compatible for Editor in 0.53 ms, found 1 plugins.
Preloading 0 native plugins for Editor in 0.00 ms.
Invoked RoslynAnalysisRunner static constructor.
RoslynAnalysisRunner will not be running.
RoslynAnalysisRunner has terminated.
Mono: successfully reloaded assembly
- Completed reload, in  1.383 seconds
Platform modules already initialized, skipping
Refreshing native plugins compatible for Editor in 0.56 ms, found 1 plugins.
Preloading 0 native plugins for Editor in 0.00 ms.
Unloading 1800 Unused Serialized files (Serialized files now loaded: 0)
System memory in use before: 85.1 MB.
System memory in use after: 85.1 MB.

Unloading 12 unused Assets to reduce memory usage. Loaded Objects now: 2259.
Total: 3.768600 ms (FindLiveObjects: 0.367600 ms CreateObjectMapping: 0.171600 ms MarkObjects: 3.058100 ms  DeleteObjects: 0.169100 ms)

========================================================================
Received Prepare
Registering precompiled user dll's ...
Registered in 0.001426 seconds.
Begin MonoManager ReloadAssembly
Native extension for WindowsStandalone target not found
Refreshing native plugins compatible for Editor in 0.79 ms, found 1 plugins.
Preloading 0 native plugins for Editor in 0.00 ms.
Invoked RoslynAnalysisRunner static constructor.
RoslynAnalysisRunner will not be running.
RoslynAnalysisRunner has terminated.
Mono: successfully reloaded assembly
- Completed reload, in  1.496 seconds
Platform modules already initialized, skipping
Refreshing native plugins compatible for Editor in 0.53 ms, found 1 plugins.
Preloading 0 native plugins for Editor in 0.00 ms.
Unloading 1800 Unused Serialized files (Serialized files now loaded: 0)
System memory in use before: 85.1 MB.
System memory in use after: 85.1 MB.

Unloading 12 unused Assets to reduce memory usage. Loaded Objects now: 2262.
Total: 2.266700 ms (FindLiveObjects: 0.189700 ms CreateObjectMapping: 0.069100 ms MarkObjects: 1.891200 ms  DeleteObjects: 0.114900 ms)

========================================================================
Received Import Request.
  Time since last request: 217.207881 seconds.
  path: Assets/Resources/SelectClass.prefab
  artifactKey: Guid(cb6f4999dbb077e409b2058ee2cf7bc1) Importer(815301076,1909f56bfc062723c751e8b465ee728b)
Start importing Assets/Resources/SelectClass.prefab using Guid(cb6f4999dbb077e409b2058ee2cf7bc1) Importer(815301076,1909f56bfc062723c751e8b465ee728b)  -> (artifact id: '1a342938a252fd29b3675a785a07c1fa') in 0.055598 seconds
  Import took 0.060024 seconds .

========================================================================
Received Import Request.
  Time since last request: 35.870427 seconds.
  path: Assets/Scripts/Menu/ChoseClassScripts/CloseChooseClass.cs
  artifactKey: Guid(618b87872a630dd4fa7ce2de1cde5178) Importer(815301076,1909f56bfc062723c751e8b465ee728b)
Start importing Assets/Scripts/Menu/ChoseClassScripts/CloseChooseClass.cs using Guid(618b87872a630dd4fa7ce2de1cde5178) Importer(815301076,1909f56bfc062723c751e8b465ee728b)  -> (artifact id: '66c177ff1b410ba050cafa717c85d218') in 0.032655 seconds
  Import took 0.037797 seconds .

========================================================================
Received Import Request.
  Time since last request: 1.397226 seconds.
  path: Assets/Scripts/Menu/ChoseClassScripts/SelectChooseClass.cs
  artifactKey: Guid(81bf64157db889a4cbfab7c980416c1e) Importer(815301076,1909f56bfc062723c751e8b465ee728b)
Start importing Assets/Scripts/Menu/ChoseClassScripts/SelectChooseClass.cs using Guid(81bf64157db889a4cbfab7c980416c1e) Importer(815301076,1909f56bfc062723c751e8b465ee728b)  -> (artifact id: '93c926c4766803029d392b6d45997625') in 0.011394 seconds
  Import took 0.016408 seconds .

========================================================================
Received Import Request.
  Time since last request: 0.020777 seconds.
  path: Assets/Scripts/Menu/ChoseClassScripts/SelectChooseClass.cs
  artifactKey: Guid(81bf64157db889a4cbfab7c980416c1e) Importer(815301076,1909f56bfc062723c751e8b465ee728b)
Start importing Assets/Scripts/Menu/ChoseClassScripts/SelectChooseClass.cs using Guid(81bf64157db889a4cbfab7c980416c1e) Importer(815301076,1909f56bfc062723c751e8b465ee728b)  -> (artifact id: '93c926c4766803029d392b6d45997625') in 0.007847 seconds
  Import took 0.012758 seconds .

========================================================================
Received Prepare
Registering precompiled user dll's ...
Registered in 0.002284 seconds.
Begin MonoManager ReloadAssembly
Native extension for WindowsStandalone target not found
Refreshing native plugins compatible for Editor in 0.53 ms, found 1 plugins.
Preloading 0 native plugins for Editor in 0.00 ms.
Invoked RoslynAnalysisRunner static constructor.
RoslynAnalysisRunner will not be running.
RoslynAnalysisRunner has terminated.
Mono: successfully reloaded assembly
- Completed reload, in  2.242 seconds
Platform modules already initialized, skipping
Refreshing native plugins compatible for Editor in 0.97 ms, found 1 plugins.
Preloading 0 native plugins for Editor in 0.00 ms.
Unloading 1798 Unused Serialized files (Serialized files now loaded: 0)
System memory in use before: 85.1 MB.
System memory in use after: 85.1 MB.

Unloading 14 unused Assets to reduce memory usage. Loaded Objects now: 2263.
Total: 2.995900 ms (FindLiveObjects: 0.261400 ms CreateObjectMapping: 0.076400 ms MarkObjects: 2.543100 ms  DeleteObjects: 0.113500 ms)

========================================================================
Received Import Request.
  Time since last request: 95.694230 seconds.
  path: Assets/Resources/SelectClass.prefab
  artifactKey: Guid(cb6f4999dbb077e409b2058ee2cf7bc1) Importer(815301076,1909f56bfc062723c751e8b465ee728b)
Start importing Assets/Resources/SelectClass.prefab using Guid(cb6f4999dbb077e409b2058ee2cf7bc1) Importer(815301076,1909f56bfc062723c751e8b465ee728b)  -> (artifact id: 'c034db44bac4b0cedfdffe5957a6c1c4') in 0.056406 seconds
  Import took 0.061929 seconds .

========================================================================
Received Import Request.
  Time since last request: 8.873138 seconds.
  path: Assets/Resources/SelectClass.prefab
  artifactKey: Guid(cb6f4999dbb077e409b2058ee2cf7bc1) Importer(815301076,1909f56bfc062723c751e8b465ee728b)
Start importing Assets/Resources/SelectClass.prefab using Guid(cb6f4999dbb077e409b2058ee2cf7bc1) Importer(815301076,1909f56bfc062723c751e8b465ee728b)  -> (artifact id: '3014feee5dfb969e598316353f1970ce') in 0.035696 seconds
  Import took 0.041070 seconds .

========================================================================
Received Import Request.
  Time since last request: 0.057554 seconds.
  path: Assets/Resources/SelectClass.prefab
  artifactKey: Guid(cb6f4999dbb077e409b2058ee2cf7bc1) Importer(815301076,1909f56bfc062723c751e8b465ee728b)
Start importing Assets/Resources/SelectClass.prefab using Guid(cb6f4999dbb077e409b2058ee2cf7bc1) Importer(815301076,1909f56bfc062723c751e8b465ee728b)  -> (artifact id: '3014feee5dfb969e598316353f1970ce') in 0.029239 seconds
  Import took 0.037926 seconds .

========================================================================
Received Import Request.
  Time since last request: 154.362317 seconds.
  path: Assets/Resources/Areas
  artifactKey: Guid(e156b2002a025cf448c0583e8d41c548) Importer(815301076,1909f56bfc062723c751e8b465ee728b)
Start importing Assets/Resources/Areas using Guid(e156b2002a025cf448c0583e8d41c548) Importer(815301076,1909f56bfc062723c751e8b465ee728b)  -> (artifact id: 'e902318b44baa06ef96edcb7931ca29e') in 0.024393 seconds
  Import took 0.031665 seconds .

========================================================================
Received Import Request.
  Time since last request: 1361.347264 seconds.
  path: Assets/Resources/Areas/Array Zone.png
  artifactKey: Guid(5a6ba53d7f6288c42ad97513defdd069) Importer(815301076,1909f56bfc062723c751e8b465ee728b)
Start importing Assets/Resources/Areas/Array Zone.png using Guid(5a6ba53d7f6288c42ad97513defdd069) Importer(815301076,1909f56bfc062723c751e8b465ee728b)  -> (artifact id: '7747e4b6fc45acf05818fb16c9aebe45') in 0.461288 seconds
  Import took 0.477591 seconds .

========================================================================
Received Import Request.
  Time since last request: 12.897744 seconds.
  path: Assets/Resources/Areas/Laboratory.png
  artifactKey: Guid(2374fa8fa2a68544c9d3d9ebb1951f0e) Importer(815301076,1909f56bfc062723c751e8b465ee728b)
Start importing Assets/Resources/Areas/Laboratory.png using Guid(2374fa8fa2a68544c9d3d9ebb1951f0e) Importer(815301076,1909f56bfc062723c751e8b465ee728b)  -> (artifact id: 'fc0bf3ce71228b93c8d0c5b0a91b0f62') in 0.048132 seconds
  Import took 0.056905 seconds .

========================================================================
Received Import Request.
  Time since last request: 21.855894 seconds.
  path: Assets/Resources/Areas/Sewerage.png
  artifactKey: Guid(29d7d445c01ad2046b69e7f7e818b971) Importer(815301076,1909f56bfc062723c751e8b465ee728b)
Start importing Assets/Resources/Areas/Sewerage.png using Guid(29d7d445c01ad2046b69e7f7e818b971) Importer(815301076,1909f56bfc062723c751e8b465ee728b)  -> (artifact id: '2a3563128a91052fa44688de029cc0b9') in 0.057075 seconds
  Import took 0.066903 seconds .

========================================================================
Received Import Request.
  Time since last request: 14.826719 seconds.
  path: Assets/Resources/Areas/Outskirt.png
  artifactKey: Guid(e08cf1528ddeb064abed910be9a4a595) Importer(815301076,1909f56bfc062723c751e8b465ee728b)
Start importing Assets/Resources/Areas/Outskirt.png using Guid(e08cf1528ddeb064abed910be9a4a595) Importer(815301076,1909f56bfc062723c751e8b465ee728b)  -> (artifact id: 'ad22c5a413377bd25f2a032739feef77') in 0.040911 seconds
  Import took 0.048080 seconds .

========================================================================
Received Import Request.
  Time since last request: 454.607849 seconds.
  path: Assets/Resources/Areas/Arboretum.png
  artifactKey: Guid(38841dab78576e64b9bf78b92e71d53a) Importer(815301076,1909f56bfc062723c751e8b465ee728b)
Start importing Assets/Resources/Areas/Arboretum.png using Guid(38841dab78576e64b9bf78b92e71d53a) Importer(815301076,1909f56bfc062723c751e8b465ee728b)  -> (artifact id: '98b26119cd49d523418c7a383c2da4ad') in 0.058959 seconds
  Import took 0.064669 seconds .

========================================================================
Received Prepare
Registering precompiled user dll's ...
Registered in 0.002210 seconds.
Begin MonoManager ReloadAssembly
Native extension for WindowsStandalone target not found
Refreshing native plugins compatible for Editor in 0.63 ms, found 1 plugins.
Preloading 0 native plugins for Editor in 0.00 ms.
Invoked RoslynAnalysisRunner static constructor.
RoslynAnalysisRunner will not be running.
RoslynAnalysisRunner has terminated.
Mono: successfully reloaded assembly
- Completed reload, in  1.779 seconds
Platform modules already initialized, skipping
Refreshing native plugins compatible for Editor in 0.56 ms, found 1 plugins.
Preloading 0 native plugins for Editor in 0.00 ms.
Unloading 1798 Unused Serialized files (Serialized files now loaded: 0)
System memory in use before: 88.0 MB.
System memory in use after: 88.0 MB.

Unloading 12 unused Assets to reduce memory usage. Loaded Objects now: 2272.
Total: 3.244500 ms (FindLiveObjects: 0.223000 ms CreateObjectMapping: 0.076200 ms MarkObjects: 2.676900 ms  DeleteObjects: 0.266100 ms)

========================================================================
Received Prepare
Registering precompiled user dll's ...
Registered in 0.003167 seconds.
Begin MonoManager ReloadAssembly
Native extension for WindowsStandalone target not found
Refreshing native plugins compatible for Editor in 0.57 ms, found 1 plugins.
Preloading 0 native plugins for Editor in 0.00 ms.
Invoked RoslynAnalysisRunner static constructor.
RoslynAnalysisRunner will not be running.
RoslynAnalysisRunner has terminated.
Mono: successfully reloaded assembly
- Completed reload, in  1.127 seconds
Platform modules already initialized, skipping
Refreshing native plugins compatible for Editor in 0.53 ms, found 1 plugins.
Preloading 0 native plugins for Editor in 0.00 ms.
Unloading 1798 Unused Serialized files (Serialized files now loaded: 0)
System memory in use before: 88.0 MB.
System memory in use after: 88.0 MB.

Unloading 12 unused Assets to reduce memory usage. Loaded Objects now: 2275.
Total: 2.584600 ms (FindLiveObjects: 0.302900 ms CreateObjectMapping: 0.068700 ms MarkObjects: 2.059100 ms  DeleteObjects: 0.152200 ms)

========================================================================
Received Import Request.
  Time since last request: 3016.427933 seconds.
  path: Assets/Scenes/MainMenu.unity
  artifactKey: Guid(1c115d874ed8f9e479eaa022a68d2a1a) Importer(815301076,1909f56bfc062723c751e8b465ee728b)
Start importing Assets/Scenes/MainMenu.unity using Guid(1c115d874ed8f9e479eaa022a68d2a1a) Importer(815301076,1909f56bfc062723c751e8b465ee728b)  -> (artifact id: 'fbce859d81440157f5d87b9c3fb66135') in 0.036826 seconds
  Import took 0.042302 seconds .

========================================================================
Received Import Request.
  Time since last request: 6.798671 seconds.
  path: Assets/Scenes/SelectLevel.unity
  artifactKey: Guid(f0a2bfaf370fdd445a010e90ced6bc7a) Importer(815301076,1909f56bfc062723c751e8b465ee728b)
Start importing Assets/Scenes/SelectLevel.unity using Guid(f0a2bfaf370fdd445a010e90ced6bc7a) Importer(815301076,1909f56bfc062723c751e8b465ee728b)  -> (artifact id: '0245057bf15fc3a1b1d822dfebfe5b61') in 0.028181 seconds
  Import took 0.033656 seconds .

========================================================================
Received Import Request.
  Time since last request: 28241.041272 seconds.
  path: Assets/Scripts/Menu/SelectLevelMenu
  artifactKey: Guid(fed588539c719eb4ba7c5c62523a8cd3) Importer(815301076,1909f56bfc062723c751e8b465ee728b)
Start importing Assets/Scripts/Menu/SelectLevelMenu using Guid(fed588539c719eb4ba7c5c62523a8cd3) Importer(815301076,1909f56bfc062723c751e8b465ee728b)  -> (artifact id: 'f3921b9cd5f2d71a453af85fd846999c') in 0.014410 seconds
  Import took 0.053788 seconds .

========================================================================
Received Import Request.
  Time since last request: 19.705680 seconds.
  path: Assets/Scripts/Menu/SelectLevelMenu/SelectArea.cs
  artifactKey: Guid(5b6e64c254794a44099fa36a18163ee9) Importer(815301076,1909f56bfc062723c751e8b465ee728b)
Start importing Assets/Scripts/Menu/SelectLevelMenu/SelectArea.cs using Guid(5b6e64c254794a44099fa36a18163ee9) Importer(815301076,1909f56bfc062723c751e8b465ee728b)  -> (artifact id: 'f37597670156fbce8d7618dcbe33f0dc') in 0.026521 seconds
  Import took 0.032674 seconds .

========================================================================
Received Prepare
Registering precompiled user dll's ...
Registered in 0.001508 seconds.
Begin MonoManager ReloadAssembly
Native extension for WindowsStandalone target not found
Refreshing native plugins compatible for Editor in 0.94 ms, found 1 plugins.
Preloading 0 native plugins for Editor in 0.00 ms.
Invoked RoslynAnalysisRunner static constructor.
RoslynAnalysisRunner will not be running.
RoslynAnalysisRunner has terminated.
Mono: successfully reloaded assembly
- Completed reload, in  1.184 seconds
Platform modules already initialized, skipping
Refreshing native plugins compatible for Editor in 0.59 ms, found 1 plugins.
Preloading 0 native plugins for Editor in 0.00 ms.
Unloading 1799 Unused Serialized files (Serialized files now loaded: 0)
System memory in use before: 88.1 MB.
System memory in use after: 88.1 MB.

Unloading 12 unused Assets to reduce memory usage. Loaded Objects now: 2279.
Total: 47.898400 ms (FindLiveObjects: 0.197900 ms CreateObjectMapping: 0.083700 ms MarkObjects: 32.259700 ms  DeleteObjects: 15.353900 ms)

========================================================================
Received Import Request.
  Time since last request: 73.366690 seconds.
  path: Assets/Scripts/Menu/SelectAreaMenu
  artifactKey: Guid(fed588539c719eb4ba7c5c62523a8cd3) Importer(815301076,1909f56bfc062723c751e8b465ee728b)
Start importing Assets/Scripts/Menu/SelectAreaMenu using Guid(fed588539c719eb4ba7c5c62523a8cd3) Importer(815301076,1909f56bfc062723c751e8b465ee728b)  -> (artifact id: '08a4849a002634531d3364ab0a851428') in 0.027700 seconds
  Import took 0.035042 seconds .

========================================================================
Received Prepare
Registering precompiled user dll's ...
Registered in 0.001587 seconds.
Begin MonoManager ReloadAssembly
Native extension for WindowsStandalone target not found
Refreshing native plugins compatible for Editor in 0.54 ms, found 1 plugins.
Preloading 0 native plugins for Editor in 0.00 ms.
Invoked RoslynAnalysisRunner static constructor.
RoslynAnalysisRunner will not be running.
RoslynAnalysisRunner has terminated.
Mono: successfully reloaded assembly
- Completed reload, in  1.158 seconds
Platform modules already initialized, skipping
Refreshing native plugins compatible for Editor in 0.61 ms, found 1 plugins.
Preloading 0 native plugins for Editor in 0.00 ms.
Unloading 1799 Unused Serialized files (Serialized files now loaded: 0)
System memory in use before: 88.1 MB.
System memory in use after: 88.1 MB.

Unloading 12 unused Assets to reduce memory usage. Loaded Objects now: 2282.
Total: 7.374100 ms (FindLiveObjects: 0.767000 ms CreateObjectMapping: 0.164500 ms MarkObjects: 6.273900 ms  DeleteObjects: 0.166800 ms)

========================================================================
Received Prepare
Registering precompiled user dll's ...
Registered in 0.001655 seconds.
Begin MonoManager ReloadAssembly
Native extension for WindowsStandalone target not found
Refreshing native plugins compatible for Editor in 1.02 ms, found 1 plugins.
Preloading 0 native plugins for Editor in 0.00 ms.
Invoked RoslynAnalysisRunner static constructor.
RoslynAnalysisRunner will not be running.
RoslynAnalysisRunner has terminated.
Mono: successfully reloaded assembly
- Completed reload, in  1.450 seconds
Platform modules already initialized, skipping
Refreshing native plugins compatible for Editor in 0.56 ms, found 1 plugins.
Preloading 0 native plugins for Editor in 0.00 ms.
Unloading 1799 Unused Serialized files (Serialized files now loaded: 0)
System memory in use before: 88.1 MB.
System memory in use after: 88.1 MB.

Unloading 12 unused Assets to reduce memory usage. Loaded Objects now: 2285.
Total: 3.702100 ms (FindLiveObjects: 0.543700 ms CreateObjectMapping: 0.259000 ms MarkObjects: 2.770700 ms  DeleteObjects: 0.126300 ms)

========================================================================
Received Prepare
Registering precompiled user dll's ...
Registered in 0.004380 seconds.
Begin MonoManager ReloadAssembly
Native extension for WindowsStandalone target not found
Refreshing native plugins compatible for Editor in 1.00 ms, found 1 plugins.
Preloading 0 native plugins for Editor in 0.00 ms.
Invoked RoslynAnalysisRunner static constructor.
RoslynAnalysisRunner will not be running.
RoslynAnalysisRunner has terminated.
Mono: successfully reloaded assembly
- Completed reload, in  1.487 seconds
Platform modules already initialized, skipping
Refreshing native plugins compatible for Editor in 0.52 ms, found 1 plugins.
Preloading 0 native plugins for Editor in 0.00 ms.
Unloading 1799 Unused Serialized files (Serialized files now loaded: 0)
System memory in use before: 88.1 MB.
System memory in use after: 88.1 MB.

Unloading 12 unused Assets to reduce memory usage. Loaded Objects now: 2288.
Total: 2.433400 ms (FindLiveObjects: 0.393300 ms CreateObjectMapping: 0.186000 ms MarkObjects: 1.726000 ms  DeleteObjects: 0.126500 ms)

========================================================================
Received Prepare
Registering precompiled user dll's ...
Registered in 0.005707 seconds.
Begin MonoManager ReloadAssembly
Native extension for WindowsStandalone target not found
Refreshing native plugins compatible for Editor in 0.54 ms, found 1 plugins.
Preloading 0 native plugins for Editor in 0.00 ms.
Invoked RoslynAnalysisRunner static constructor.
RoslynAnalysisRunner will not be running.
RoslynAnalysisRunner has terminated.
Mono: successfully reloaded assembly
- Completed reload, in  2.290 seconds
Platform modules already initialized, skipping
Refreshing native plugins compatible for Editor in 0.60 ms, found 1 plugins.
Preloading 0 native plugins for Editor in 0.00 ms.
Unloading 1799 Unused Serialized files (Serialized files now loaded: 0)
System memory in use before: 88.1 MB.
System memory in use after: 88.1 MB.

Unloading 12 unused Assets to reduce memory usage. Loaded Objects now: 2291.
Total: 3.510300 ms (FindLiveObjects: 0.194800 ms CreateObjectMapping: 0.073100 ms MarkObjects: 3.058100 ms  DeleteObjects: 0.182600 ms)

========================================================================
Received Prepare
Registering precompiled user dll's ...
Registered in 0.003106 seconds.
Begin MonoManager ReloadAssembly
Native extension for WindowsStandalone target not found
Refreshing native plugins compatible for Editor in 0.77 ms, found 1 plugins.
Preloading 0 native plugins for Editor in 0.00 ms.
Invoked RoslynAnalysisRunner static constructor.
RoslynAnalysisRunner will not be running.
RoslynAnalysisRunner has terminated.
Mono: successfully reloaded assembly
- Completed reload, in  2.082 seconds
Platform modules already initialized, skipping
Refreshing native plugins compatible for Editor in 0.98 ms, found 1 plugins.
Preloading 0 native plugins for Editor in 0.00 ms.
Unloading 1799 Unused Serialized files (Serialized files now loaded: 0)
System memory in use before: 88.1 MB.
System memory in use after: 88.1 MB.

Unloading 12 unused Assets to reduce memory usage. Loaded Objects now: 2294.
Total: 3.748700 ms (FindLiveObjects: 0.401700 ms CreateObjectMapping: 0.199500 ms MarkObjects: 2.989600 ms  DeleteObjects: 0.156100 ms)

========================================================================
Received Import Request.
  Time since last request: 2683.987443 seconds.
  path: Assets/Scenes/SelectLevel.unity
  artifactKey: Guid(f0a2bfaf370fdd445a010e90ced6bc7a) Importer(815301076,1909f56bfc062723c751e8b465ee728b)
Start importing Assets/Scenes/SelectLevel.unity using Guid(f0a2bfaf370fdd445a010e90ced6bc7a) Importer(815301076,1909f56bfc062723c751e8b465ee728b)  -> (artifact id: '8cd686765e4910b29139de56e3f2e795') in 0.041828 seconds
  Import took 0.061545 seconds .

========================================================================
Received Prepare
Registering precompiled user dll's ...
Registered in 0.002222 seconds.
Begin MonoManager ReloadAssembly
Native extension for WindowsStandalone target not found
Refreshing native plugins compatible for Editor in 0.53 ms, found 1 plugins.
Preloading 0 native plugins for Editor in 0.00 ms.
Invoked RoslynAnalysisRunner static constructor.
RoslynAnalysisRunner will not be running.
RoslynAnalysisRunner has terminated.
Mono: successfully reloaded assembly
- Completed reload, in  1.997 seconds
Platform modules already initialized, skipping
Refreshing native plugins compatible for Editor in 0.75 ms, found 1 plugins.
Preloading 0 native plugins for Editor in 0.00 ms.
Unloading 1799 Unused Serialized files (Serialized files now loaded: 0)
System memory in use before: 88.1 MB.
System memory in use after: 88.1 MB.

Unloading 12 unused Assets to reduce memory usage. Loaded Objects now: 2297.
Total: 3.729400 ms (FindLiveObjects: 0.219400 ms CreateObjectMapping: 0.091100 ms MarkObjects: 3.246300 ms  DeleteObjects: 0.170300 ms)

========================================================================
Received Prepare
Registering precompiled user dll's ...
Registered in 0.004467 seconds.
Begin MonoManager ReloadAssembly
Native extension for WindowsStandalone target not found
Refreshing native plugins compatible for Editor in 1.05 ms, found 1 plugins.
Preloading 0 native plugins for Editor in 0.00 ms.
Invoked RoslynAnalysisRunner static constructor.
RoslynAnalysisRunner will not be running.
RoslynAnalysisRunner has terminated.
Mono: successfully reloaded assembly
- Completed reload, in  1.660 seconds
Platform modules already initialized, skipping
Refreshing native plugins compatible for Editor in 0.53 ms, found 1 plugins.
Preloading 0 native plugins for Editor in 0.00 ms.
Unloading 1799 Unused Serialized files (Serialized files now loaded: 0)
System memory in use before: 88.1 MB.
System memory in use after: 88.1 MB.

Unloading 12 unused Assets to reduce memory usage. Loaded Objects now: 2300.
Total: 2.456000 ms (FindLiveObjects: 0.295400 ms CreateObjectMapping: 0.192100 ms MarkObjects: 1.822100 ms  DeleteObjects: 0.144900 ms)

========================================================================
Received Prepare
Registering precompiled user dll's ...
Registered in 0.001678 seconds.
Begin MonoManager ReloadAssembly
Native extension for WindowsStandalone target not found
Refreshing native plugins compatible for Editor in 0.53 ms, found 1 plugins.
Preloading 0 native plugins for Editor in 0.00 ms.
Invoked RoslynAnalysisRunner static constructor.
RoslynAnalysisRunner will not be running.
RoslynAnalysisRunner has terminated.
Mono: successfully reloaded assembly
- Completed reload, in  1.517 seconds
Platform modules already initialized, skipping
Refreshing native plugins compatible for Editor in 0.53 ms, found 1 plugins.
Preloading 0 native plugins for Editor in 0.00 ms.
Unloading 1799 Unused Serialized files (Serialized files now loaded: 0)
System memory in use before: 88.2 MB.
System memory in use after: 88.1 MB.

Unloading 12 unused Assets to reduce memory usage. Loaded Objects now: 2303.
Total: 2.284700 ms (FindLiveObjects: 0.237500 ms CreateObjectMapping: 0.130300 ms MarkObjects: 1.762600 ms  DeleteObjects: 0.152800 ms)

========================================================================
Received Prepare
Registering precompiled user dll's ...
Registered in 0.002003 seconds.
Begin MonoManager ReloadAssembly
Native extension for WindowsStandalone target not found
Refreshing native plugins compatible for Editor in 0.53 ms, found 1 plugins.
Preloading 0 native plugins for Editor in 0.00 ms.
Invoked RoslynAnalysisRunner static constructor.
RoslynAnalysisRunner will not be running.
RoslynAnalysisRunner has terminated.
Mono: successfully reloaded assembly
- Completed reload, in  1.674 seconds
Platform modules already initialized, skipping
Refreshing native plugins compatible for Editor in 1.13 ms, found 1 plugins.
Preloading 0 native plugins for Editor in 0.00 ms.
Unloading 1799 Unused Serialized files (Serialized files now loaded: 0)
System memory in use before: 88.2 MB.
System memory in use after: 88.2 MB.

Unloading 12 unused Assets to reduce memory usage. Loaded Objects now: 2306.
Total: 2.624400 ms (FindLiveObjects: 0.260300 ms CreateObjectMapping: 0.148400 ms MarkObjects: 2.068000 ms  DeleteObjects: 0.145200 ms)

========================================================================
Received Prepare
Registering precompiled user dll's ...
Registered in 0.001439 seconds.
Begin MonoManager ReloadAssembly
Native extension for WindowsStandalone target not found
Refreshing native plugins compatible for Editor in 1.02 ms, found 1 plugins.
Preloading 0 native plugins for Editor in 0.00 ms.
Invoked RoslynAnalysisRunner static constructor.
RoslynAnalysisRunner will not be running.
RoslynAnalysisRunner has terminated.
Mono: successfully reloaded assembly
- Completed reload, in  1.733 seconds
Platform modules already initialized, skipping
Refreshing native plugins compatible for Editor in 1.19 ms, found 1 plugins.
Preloading 0 native plugins for Editor in 0.00 ms.
Unloading 1799 Unused Serialized files (Serialized files now loaded: 0)
System memory in use before: 88.2 MB.
System memory in use after: 88.2 MB.

Unloading 12 unused Assets to reduce memory usage. Loaded Objects now: 2309.
Total: 2.796700 ms (FindLiveObjects: 0.254400 ms CreateObjectMapping: 0.072200 ms MarkObjects: 2.348800 ms  DeleteObjects: 0.119200 ms)

========================================================================
Received Prepare
Registering precompiled user dll's ...
Registered in 0.001536 seconds.
Begin MonoManager ReloadAssembly
Native extension for WindowsStandalone target not found
Refreshing native plugins compatible for Editor in 1.26 ms, found 1 plugins.
Preloading 0 native plugins for Editor in 0.00 ms.
Invoked RoslynAnalysisRunner static constructor.
RoslynAnalysisRunner will not be running.
RoslynAnalysisRunner has terminated.
Mono: successfully reloaded assembly
- Completed reload, in  1.360 seconds
Platform modules already initialized, skipping
Refreshing native plugins compatible for Editor in 0.57 ms, found 1 plugins.
Preloading 0 native plugins for Editor in 0.00 ms.
Unloading 1799 Unused Serialized files (Serialized files now loaded: 0)
System memory in use before: 88.2 MB.
System memory in use after: 88.2 MB.

Unloading 12 unused Assets to reduce memory usage. Loaded Objects now: 2312.
Total: 3.045100 ms (FindLiveObjects: 0.283900 ms CreateObjectMapping: 0.158800 ms MarkObjects: 2.433500 ms  DeleteObjects: 0.166800 ms)

========================================================================
Received Prepare
Registering precompiled user dll's ...
Registered in 0.002742 seconds.
Begin MonoManager ReloadAssembly
Native extension for WindowsStandalone target not found
Refreshing native plugins compatible for Editor in 1.30 ms, found 1 plugins.
Preloading 0 native plugins for Editor in 0.00 ms.
Invoked RoslynAnalysisRunner static constructor.
RoslynAnalysisRunner will not be running.
RoslynAnalysisRunner has terminated.
Mono: successfully reloaded assembly
- Completed reload, in  1.704 seconds
Platform modules already initialized, skipping
Refreshing native plugins compatible for Editor in 0.89 ms, found 1 plugins.
Preloading 0 native plugins for Editor in 0.00 ms.
Unloading 1799 Unused Serialized files (Serialized files now loaded: 0)
System memory in use before: 88.2 MB.
System memory in use after: 88.2 MB.

Unloading 12 unused Assets to reduce memory usage. Loaded Objects now: 2315.
Total: 2.689300 ms (FindLiveObjects: 0.260900 ms CreateObjectMapping: 0.148200 ms MarkObjects: 2.162100 ms  DeleteObjects: 0.116900 ms)

========================================================================
Received Prepare
Registering precompiled user dll's ...
Registered in 0.002268 seconds.
Begin MonoManager ReloadAssembly
Native extension for WindowsStandalone target not found
Refreshing native plugins compatible for Editor in 0.54 ms, found 1 plugins.
Preloading 0 native plugins for Editor in 0.00 ms.
Invoked RoslynAnalysisRunner static constructor.
RoslynAnalysisRunner will not be running.
RoslynAnalysisRunner has terminated.
Mono: successfully reloaded assembly
- Completed reload, in  2.096 seconds
Platform modules already initialized, skipping
Refreshing native plugins compatible for Editor in 0.56 ms, found 1 plugins.
Preloading 0 native plugins for Editor in 0.00 ms.
Unloading 1799 Unused Serialized files (Serialized files now loaded: 0)
System memory in use before: 88.2 MB.
System memory in use after: 88.2 MB.

Unloading 12 unused Assets to reduce memory usage. Loaded Objects now: 2318.
Total: 3.761400 ms (FindLiveObjects: 0.282300 ms CreateObjectMapping: 0.086300 ms MarkObjects: 3.264400 ms  DeleteObjects: 0.126700 ms)

AssetImportWorkerClient::OnTransportError - code=2 error=End of file
